[www.180dcberkeley.com/index.html]
[static.wixstatic.com/media/83c157_e523edff5fdf4081aff1e893a538e37a_mv2.png/v1/fill/w_32,h_32,lg_1,usm_0.66_1.00_0.01/83c157_e523edff5fdf4081aff1e893a538e37a_mv2.png]
[static.parastorage.com/unpkg/core-js-bundle@3.2.1/minified.js]
[static.parastorage.com/unpkg/focus-within-polyfill@5.0.9/dist/focus-within-polyfill.js]
[backblue.gif]
[fade.gif]
[index.html]
[polyfill.io/v3/polyfill.mind82c.js]
[www.180dcberkeley.com/decodeURIComponent(e]
[browser.sentry-cdn.com/5.21.4/bundle.min.js]
[www.180dcberkeley.com/https_]
[www.180dcberkeley.com/sitemap.xml]
[www.180dcberkeley.com/feed.xml]
[static.parastorage.com/services/wix-thunderbolt/dist/bootstrap-features.2d197609.chunk.min.js]
[static.parastorage.com/services/wix-thunderbolt/dist/main.c7b127d1.chunk.min.js]
[static.parastorage.com/unpkg/lodash@4.17.15/lodash.min.js]
[static.parastorage.com/unpkg/react@16.13.1/umd/react.production.min.js]
[static.parastorage.com/services/wix-thunderbolt/dist/wix-code-sdk-providers.e3b8ed6e.chunk.min.js]
[static.parastorage.com/services/wix-thunderbolt/dist/dynamicPages.2eee8c86.chunk.min.js]
[static.parastorage.com/services/wix-thunderbolt/dist/page-features.ba0c1636.chunk.min.js]
[static.parastorage.com/services/wix-thunderbolt/dist/ooi.45f1246d.chunk.min.js]
[static.parastorage.com/services/wix-thunderbolt/dist/popups.a23dccd1.chunk.min.js]
[static.parastorage.com/services/wix-thunderbolt/dist/protectedPages.e9a9db5b.chunk.min.js]
[static.parastorage.com/services/wix-thunderbolt/dist/siteMembers.a20ad5f1.chunk.min.js]
[static.parastorage.com/services/wix-thunderbolt/dist/tpaCommons.fd7e49b4.chunk.min.js]
[static.parastorage.com/services/wix-thunderbolt/dist/windowMessageRegistrar.833cd0ce.chunk.min.js]
[static.parastorage.com/services/wix-thunderbolt/dist/platform.82b73454.chunk.min.js]
[static.parastorage.com/services/editor-elements/dist/componentSdks.5a0183f1.bundle.min.js]
[static.parastorage.com/services/tag-manager-client/1.282.0/siteTags.bundle.min.js]
[static.parastorage.com/services/editor-elements/dist/thunderboltElements.884a5072.bundle.min.js]
[static.parastorage.com/services/wix-perf-measure/1.451.0/wix-perf-measure.bundle.min.js]
[www.180dcberkeley.com/version/index.html]
[static.parastorage.com/unpkg/react-dom@16.13.1/umd/react-dom.production.min.js]
[static.parastorage.com/services/wix-thunderbolt/dist/activePopup.25745e41.chunk.min.js]
[static.parastorage.com/services/wix-thunderbolt/dist/headerPlaceholderHeight.c8f0d99e.chunk.min.js]
[static.parastorage.com/services/wix-thunderbolt/dist/imageZoom.08685bb2.chunk.min.js]
[static.parastorage.com/services/wix-thunderbolt/dist/ooiTpaSharedConfig.63088af4.chunk.min.js]
[static.parastorage.com/services/wix-thunderbolt/dist/platformPubsub.0a9681e8.chunk.min.js]
[static.parastorage.com/services/wix-thunderbolt/dist/sosp.523c2b21.chunk.min.js]
[static.parastorage.com/services/wix-thunderbolt/dist/tpa.0fc3fbdf.chunk.min.js]
[static.parastorage.com/services/wix-thunderbolt/dist/pageTransitions.751b226e.chunk.min.js]
[static.parastorage.com/services/wix-thunderbolt/dist/screenIn.1826580a.chunk.min.js]
[static.parastorage.com/services/editor-elements/dist/bootstrap-components-classic.d9a0ac3e.chunk.min.js]
[static.parastorage.com/services/editor-elements/dist/Container_DefaultAreaSkin.a5785df6.chunk.min.js]
[static.parastorage.com/services/editor-elements/dist/bootstrap-components-responsive.57ebf68e.chunk.min.js]
[static.parastorage.com/services/editor-elements/dist/VerticalMenu_VerticalMenuSolidColorSkin.5d52f50e.chunk.min.js]
[static.parastorage.com/services/editor-elements/dist/MeshGroup.3f5d5bce.chunk.min.js]
[static.parastorage.com/services/wix-thunderbolt/dist/tpa-components.949e51fe.chunk.min.js]
[static.parastorage.com/services/wix-thunderbolt/dist/animations-vendors.4e441d04.chunk.min.js]
[static.parastorage.com/services/editor-elements/dist/bootstrap-components-common.60eec122.chunk.min.js]
[static.wixstatic.com/media/83c157_a3f361414cf549f3a63f9b4180da206f_mv2.png/v1/fill/w_130,h_39,al_c,usm_0.66_1.00_0.01,blur_3/Black textLogo.png]
[www.180dcberkeley.com/about-us.html]
[www.180dcberkeley.com/our-people.html]
[static.wixstatic.com/media/83c157_1031f6d27adc4d8497af5256ee8e8791_mv2.png/v1/crop/x_3,y_1,w_1912,h_574/fill/w_125,h_38,al_c,usm_0.66_1.00_0.01,blur_2/Black textLogo.png]
[static.wixstatic.com/media/83c157_ef8a9c472da64c388418fd5886819f49_mv2.jpg/v1/fill/w_245,h_118,al_c,q_80,usm_0.66_1.00_0.01,blur_2/83c157_ef8a9c472da64c388418fd5886819f49_mv2.jpg]
[static.wixstatic.com/media/83c157_8c34c67f7b6b465fa3bd1066fa970dda_mv2.png/v1/crop/x_60,y_300,w_2940,h_1430/fill/w_176,h_86,al_c,usm_0.66_1.00_0.01,blur_2/22171_white-to-transparent-gradient-png_.png]
[static.wixstatic.com/media/83c157_8c34c67f7b6b465fa3bd1066fa970dda_mv2.png/v1/crop/x_0,y_300,w_3000,h_1430/fill/w_180,h_86,al_c,usm_0.66_1.00_0.01,blur_2/22171_white-to-transparent-gradient-png_.png]
[www.180dcberkeley.com/ourservices.html]
[static.wixstatic.com/media/83c157_8c34c67f7b6b465fa3bd1066fa970dda_mv2.png/v1/crop/x_0,y_305,w_1155,h_1425/fill/w_92,h_114,al_c,usm_0.66_1.00_0.01,blur_2/22171_white-to-transparent-gradient-png_.png]
[static.wixstatic.com/media/83c157_ed2da04845c445668902757d8b5e0e89_mv2.jpg/v1/fill/w_194,h_290,al_c,q_80,usm_0.66_1.00_0.01,blur_2/83c157_ed2da04845c445668902757d8b5e0e89_mv2.jpg]
[static.wixstatic.com/media/83c157_fdb437cc0777493f9ffe8fb95c367b36_mv2.png/v1/fill/w_119,h_23,al_c,usm_0.66_1.00_0.01,blur_2/Pedro's Signature_PNG.png]
[www.180dcberkeley.com/index.html]
[www.180dcberkeley.com/decodeURIComponent(e.html]
[www.180dcberkeley.com/https_.html]
[www.180dcberkeley.com/feed.html]
[www.180dcberkeley.com/version/index.html]
[static.parastorage.com/services/wix-thunderbolt/dist/hoverBox.269ea0cc.chunk.min.js]
[static.parastorage.com/services/wix-thunderbolt/dist/reducedMotion.809eab75.chunk.min.js]
[static.parastorage.com/services/editor-elements/dist/common-site-members-dialogs.f671a15f.chunk.min.js]
[static.parastorage.com/services/editor-elements/dist/vendors_VideoPlayer.c4b2e5e9.chunk.min.js]
[static.parastorage.com/services/editor-elements/dist/VideoPlayer.14249c7d.chunk.min.js]
[static.parastorage.com/services/editor-elements/dist/WPhoto_CirclePhoto.836c3970.chunk.min.js]
[www.180dcberkeley.com/apply.html]
[static.wixstatic.com/media/83c157_4de405f628654f9e937eda9fd636a785_mv2.jpg/v1/fill/w_192,h_98,al_c,q_80,usm_0.66_1.00_0.01,blur_2/83c157_4de405f628654f9e937eda9fd636a785_mv2.jpg]
[static.wixstatic.com/media/83c157_7c20b3954f524a5cbe04c734da58bb87_mv2.png/v1/fill/w_65,h_57,al_c,usm_0.66_1.00_0.01,blur_3/noun_strong_2818409_edited.png]
[static.wixstatic.com/media/83c157_6bd2e6c99c604b199975b0de1408dedd_mv2.png/v1/fill/w_102,h_89,al_c,usm_0.66_1.00_0.01,blur_3/noun_lightbulb_589680_edited.png]
[static.wixstatic.com/media/83c157_db8062f715644c1bbf495db98dcf185a_mv2.png/v1/fill/w_103,h_89,al_c,usm_0.66_1.00_0.01,blur_3/noun_hands%20and%20heart_395995_edited_p.png]
[static.wixstatic.com/media/83c157_b3faf6185a274bcba92cd413da8456d1_mv2.png/v1/fill/w_93,h_89,al_c,usm_0.66_1.00_0.01,blur_3/noun_world_2699540_edited_edited.png]
[static.parastorage.com/services/pro-gallery-santa-wrapper/1.1565.0/staticCss.min.css]
[static.wixstatic.com/media/83c157_96b316eab2584140be79fa6c98c8177b_mv2.jpg/v1/fill/w_156,h_129,q_90/83c157_96b316eab2584140be79fa6c98c8177b_mv2.jpg]
[static.wixstatic.com/media/83c157_2d481a95880d40ef882347749752e510_mv2.jpg/v1/fill/w_172,h_129,q_90/83c157_2d481a95880d40ef882347749752e510_mv2.jpg]
[static.wixstatic.com/media/83c157_eb015fa7bbe3467eaf5f9306b9b015aa_mv2.jpg/v1/fill/w_333,h_250,q_90/83c157_eb015fa7bbe3467eaf5f9306b9b015aa_mv2.jpg]
[static.wixstatic.com/media/83c157_279891f97dcf4b899984623766f672f2_mv2.jpg/v1/fill/w_282,h_212,q_90/83c157_279891f97dcf4b899984623766f672f2_mv2.jpg]
[static.wixstatic.com/media/83c157_db821efa27344048b4af374d653d695a_mv2.jpg/v1/fill/w_282,h_167,q_90/83c157_db821efa27344048b4af374d653d695a_mv2.jpg]
[static.wixstatic.com/media/83c157_d8e8ba9548564b0fbe77a30531015dba_mv2.jpg/v1/fill/w_293,h_220,q_90/83c157_d8e8ba9548564b0fbe77a30531015dba_mv2.jpg]
[static.wixstatic.com/media/83c157_668c3dcbc0f74c9ba203698ec3d251b6_mv2.jpg/v1/fill/w_128,h_159,q_90/83c157_668c3dcbc0f74c9ba203698ec3d251b6_mv2.jpg]
[static.wixstatic.com/media/83c157_c447b383f03d4eaa881308769aa36d3e_mv2.png/v1/fill/w_160,h_159,q_90/83c157_c447b383f03d4eaa881308769aa36d3e_mv2.png]
[static.wixstatic.com/media/83c157_d82b64198ac34cb594eb964f18bd3a9a_mv2.png/v1/fill/w_85,h_28,al_c,usm_0.66_1.00_0.01,blur_2/mckinsey.png]
[static.wixstatic.com/media/83c157_9f2cad45da0e4cb0890b95b69cdef6f4_mv2.png/v1/fill/w_87,h_42,al_c,usm_0.66_1.00_0.01,blur_2/tesla_logo_PNG21.png]
[static.wixstatic.com/media/83c157_bcc51d7f7663409dbcde524d761da7f7_mv2.png/v1/fill/w_124,h_75,al_c,usm_0.66_1.00_0.01,blur_3/American_Automobile_Association_logo_svg.png]
[static.wixstatic.com/media/83c157_e64d342e36274e879787be18c1b67398_mv2.png/v1/fill/w_124,h_124,al_c,usm_0.66_1.00_0.01,blur_3/uber_PNG24.png]
[static.wixstatic.com/media/83c157_200341554e9648d495ca7efa9ee0c11c_mv2.png/v1/fill/w_189,h_50,al_c,usm_0.66_1.00_0.01,blur_3/Harvard-Law-Logo.png]
[static.wixstatic.com/media/83c157_f78b0bd7b0ea4e6a89d020580b41d7e1_mv2.png/v1/fill/w_144,h_58,al_c,usm_0.66_1.00_0.01,blur_3/BCG-Logo.png]
[static.wixstatic.com/media/83c157_560f2c91e8af4308b4052d4808b27b3d_mv2.png/v1/fill/w_185,h_64,al_c,usm_0.66_1.00_0.01,blur_3/kaiser-permanente-logo.png]
[static.wixstatic.com/media/83c157_18f8d86cec0a46af8b91fa4309b65e73_mv2_d_4400_1617_s_2.jpg/v1/fill/w_82,h_30,al_c,q_80,usm_0.66_1.00_0.01,blur_2/8867_Microsoft_5F00_Logo_2D00_for_2D00_s.jpg]
[static.wixstatic.com/media/83c157_01a4420ce52245a7b3eea7047421b9b4_mv2.png/v1/fill/w_168,h_45,al_c,usm_0.66_1.00_0.01,blur_3/Acc_Logo_Black_Purple_RGB.png]
[static.wixstatic.com/media/83c157_26fde7f9fabb43b59eaaaefdecf82780_mv2.png/v1/fill/w_84,h_34,al_c,usm_0.66_1.00_0.01,blur_2/deloitte-logo.png]
[static.wixstatic.com/media/83c157_afbff136aeb44adab862d289bd8bf138_mv2.png/v1/fill/w_176,h_39,al_c,usm_0.66_1.00_0.01,blur_3/1280px-Verizon_2015_logo_-vector_svg.png]
[static.wixstatic.com/media/83c157_ba47c5ef7c5c4335a15a1b96ec190de9_mv2.png/v1/fill/w_169,h_100,al_c,usm_0.66_1.00_0.01,blur_3/bain-company-logo-2DEF784400-seeklogo_co.png]
[static.wixstatic.com/media/83c157_e65a5f6040014682b0bcd50e7db25d80_mv2_d_2400_1271_s_2.png/v1/fill/w_170,h_90,al_c,usm_0.66_1.00_0.01,blur_3/cisco-logo-transparent.png]
[static.wixstatic.com/media/83c157_8671909904e646bfbb294dba77faea35_mv2_d_2400_2003_s_2.png/v1/fill/w_120,h_100,al_c,usm_0.66_1.00_0.01,blur_3/ernst-young-ey-logo-png-transparent.png]
[www.180dcberkeley.com/Mallika_edited_edited_edited.5b.delayed]
[static.wixstatic.com/media/83c157_b443af42227243c58fd51f2959d1fb13_mv2.jpg/v1/crop/x_4,y_0,w_1219,h_1217/fill/w_84,h_84,al_c,q_80,usm_0.66_1.00_0.01,blur_2/Mallika_edited_edited_edited.jpg]
[www.180dcberkeley.com/180_indiv-7_edited_edited_edited.jpg]
[static.wixstatic.com/media/83c157_4ce4dfbccda94e8296d956e62ec96de2_mv2.jpg/v1/crop/x_118,y_0,w_1265,h_1265/fill/w_84,h_84,al_c,q_80,usm_0.66_1.00_0.01,blur_2/180_indiv-7_edited_edited_edited.jpg]
[www.180dcberkeley.com/nicole2_edited.jpg]
[static.wixstatic.com/media/83c157_c88614d9a1e2410da5a589e6445384c0_mv2.jpg/v1/crop/x_19,y_0,w_647,h_647/fill/w_84,h_84,al_c,q_80,usm_0.66_1.00_0.01,blur_2/nicole2_edited.jpg]
[www.180dcberkeley.com/about-us.html]
[static.parastorage.com/services/wix-code-platform/1.839.0/wixCodeNamespacesAndElementorySupport.min.js]
[b0ce3478-f85d-42e6-968e-3ff81ce6ffb9.static.pub.wix-code.com/static/v2/3d25b9c8-8a30-4b01-9fc6-8f73dbddb00c/b0ce3478-f85d-42e6-968e-3ff81ce6ffb9/pages/ejvxlbe39.js]
[static.wixstatic.com/media/83c157_8c34c67f7b6b465fa3bd1066fa970dda_mv2.png/v1/fill/w_180,h_104,al_c,usm_0.66_1.00_0.01,blur_2/22171_white-to-transparent-gradient-png_.png]
[static.wixstatic.com/media/83c157_59241875ddbe4a20bb6e341625f15008_mv2.jpg/v1/fill/w_145,h_97,al_c,q_80,usm_0.66_1.00_0.01,blur_2/83c157_59241875ddbe4a20bb6e341625f15008_mv2.jpg]
[static.wixstatic.com/media/83c157_402f4ee216a04448a28c7df078ddd695_mv2.png/v1/fill/w_54,h_54,al_c,usm_0.66_1.00_0.01,blur_3/graph_edited.png]
[static.wixstatic.com/media/83c157_68bf7c7a4a024c1f9049852f90825ec7_mv2.png/v1/fill/w_44,h_44,al_c,usm_0.66_1.00_0.01,blur_3/search_edited.png]
[static.wixstatic.com/media/83c157_e3372a8e19c240ac81111fb5b24a48db_mv2.png/v1/fill/w_54,h_54,al_c,usm_0.66_1.00_0.01,blur_3/global_edited.png]
[static.wixstatic.com/media/83c157_4ea2d2d7874349e39550dd824bfc18d4_mv2.png/v1/fill/w_54,h_54,al_c,usm_0.66_1.00_0.01,blur_3/bullhorn_edited.png]
[static.wixstatic.com/media/83c157_f9df7fcd22b847dc87a27687c5c051c9_mv2.png/v1/fill/w_49,h_49,al_c,usm_0.66_1.00_0.01,blur_3/team_edited.png]
[static.wixstatic.com/media/83c157_22bc1d33542f45caa5179a987cdbd75a_mv2.png/v1/fill/w_54,h_54,al_c,usm_0.66_1.00_0.01,blur_3/partnership-handshake%20(1)_edited.png]
[static.wixstatic.com/media/83c157_0e12616509484c85a477a6b5fd7840db_mv2.png/v1/fill/w_64,h_64,al_c,usm_0.66_1.00_0.01,blur_3/money%20(1)_edited.png]
[static.wixstatic.com/media/83c157_9d14ba67157f4d53a00f3da7636911a1_mv2.png/v1/fill/w_120,h_124,al_c,usm_0.66_1.00_0.01,blur_3/9cadd368b8782774d01eddb152b7582fa87cf2c5.png]
[static.wixstatic.com/media/83c157_76469d5ef59044fd8d9b24c0c0cc91ef_mv2.jpg/v1/fill/w_185,h_97,al_c,q_80,usm_0.66_1.00_0.01,blur_3/edf-logo-1200x630.jpg]
[static.wixstatic.com/media/83c157_b00200d46a87436785cf1c8229725da8_mv2.png/v1/fill/w_84,h_26,al_c,usm_0.66_1.00_0.01,blur_2/1280px-Symantec_logo10_svg.png]
[static.wixstatic.com/media/83c157_dd7fb1f603ff43d2b1b75e723044c6cc_mv2_d_2400_1835_s_2.png/v1/fill/w_140,h_107,al_c,usm_0.66_1.00_0.01,blur_3/ymca-3-logo-png-transparent.png]
[static.wixstatic.com/media/83c157_33bd6061451a439196d2bc8e32504789_mv2.png/v1/fill/w_171,h_108,al_c,usm_0.66_1.00_0.01,blur_3/solo+color+taller.png]
[static.wixstatic.com/media/83c157_ff2bb87bc6a44679bfa8f8b36cddb7c6_mv2.png/v1/fill/w_150,h_57,al_c,usm_0.66_1.00_0.01,blur_3/grid.png]
[static.wixstatic.com/media/83c157_5b44436ba272486d976a071e824c2517_mv2_d_5000_2546_s_4_2.png/v1/fill/w_174,h_89,al_c,usm_0.66_1.00_0.01,blur_3/SAP_logo.png]
[static.wixstatic.com/media/83c157_9d25a0100bfe4034abf89dff5cd9367d_mv2.png/v1/fill/w_146,h_87,al_c,usm_0.66_1.00_0.01,blur_3/Exygy-logo.png]
[static.wixstatic.com/media/83c157_4ca3f62538964d398d92af8406782496_mv2.png/v1/fill/w_77,h_10,al_c,usm_0.66_1.00_0.01,blur_2/logo-color.png]
[static.wixstatic.com/media/83c157_b4d256d9407740c2ae096f896382f85e_mv2.png/v1/fill/w_90,h_26,al_c,usm_0.66_1.00_0.01,blur_2/image.png]
[static.wixstatic.com/media/83c157_10fc16e97f9c4729ad6d9d5ca9938a1e_mv2.png/v1/fill/w_187,h_108,al_c,usm_0.66_1.00_0.01,blur_3/microsoft-logo-transparent-png-8.png]
[static.wixstatic.com/media/83c157_ccd94d7c33fd45fea65e2d0c7ee93c67_mv2.png/v1/fill/w_153,h_57,al_c,usm_0.66_1.00_0.01,blur_3/volta-logo-6_19.png]
[static.wixstatic.com/media/83c157_49531a2c4e7b41c0aebe40d66d396138_mv2.jpg/v1/fill/w_124,h_124,al_c,q_80,usm_0.66_1.00_0.01,blur_3/Little-Brothers-Logo.jpg]
[static.wixstatic.com/media/83c157_31b1ebc5069a4b8eb39f0f1c30406ae8_mv2.png/v1/fill/w_156,h_156,al_c,usm_0.66_1.00_0.01,blur_3/Teach for America Logo (1).png]
[static.wixstatic.com/media/83c157_929d50e354d14fbcb60880c760c98836_mv2.png/v1/fill/w_135,h_57,al_c,usm_0.66_1.00_0.01,blur_3/A55_edited.png]
[www.180dcberkeley.com/GRID_edited.png]
[static.wixstatic.com/media/83c157_9bdf83ccba4d41a7978d058db79a689a_mv2.png/v1/crop/x_0,y_0,w_481,h_455/fill/w_121,h_114,al_c,usm_0.66_1.00_0.01,blur_3/GRID_edited.png]
[static.wixstatic.com/media/83c157_f265efcf489b42cdb36cc5e23a06d08f_mv2.png/v1/fill/w_114,h_114,al_c,usm_0.66_1.00_0.01,blur_3/volta_edited.png]
[www.180dcberkeley.com/ourservices.html]
[static.parastorage.com/services/wix-thunderbolt/dist/backgroundScrub.757ad0dc.chunk.min.js]
[static.parastorage.com/services/editor-elements/dist/FiveGridLine_SolidLine.a761df49.chunk.min.js]
[static.wixstatic.com/media/83c157_4a93e182fdc94c2d971641cbd6b17bdb_mv2.jpg/v1/fill/w_172,h_115,al_c,q_80,usm_0.66_1.00_0.01,blur_2/83c157_4a93e182fdc94c2d971641cbd6b17bdb_mv2.jpg]
[static.wixstatic.com/media/83c157_3fc7307f7f50464f9ca7426e321fa875_mv2.jpg/v1/fill/w_91,h_80,al_c,q_80,usm_0.66_1.00_0.01,blur_2/83c157_3fc7307f7f50464f9ca7426e321fa875_mv2.jpg]
[static.wixstatic.com/media/83c157_45e2e74fb4574bd5a84c47369b144dd8_mv2.png/v1/fill/w_13,h_12,al_c,usm_0.66_1.00_0.01,blur_3/linkedin_edited.png]
[static.wixstatic.com/media/83c157_a37b86ec756a46888dea9024670c0f6d_mv2.jpg/v1/fill/w_91,h_86,al_c,q_80,usm_0.66_1.00_0.01,blur_2/83c157_a37b86ec756a46888dea9024670c0f6d_mv2.jpg]
[static.wixstatic.com/media/83c157_08f5c6a2ee0d4de49c85bd4c6baf07c9_mv2.jpg/v1/fill/w_91,h_82,al_c,q_80,usm_0.66_1.00_0.01,blur_2/83c157_08f5c6a2ee0d4de49c85bd4c6baf07c9_mv2.jpg]
[static.wixstatic.com/media/83c157_ea31013470d549d097f07a4f7729444e_mv2.jpg/v1/fill/w_91,h_84,al_c,q_80,usm_0.66_1.00_0.01,blur_2/83c157_ea31013470d549d097f07a4f7729444e_mv2.jpg]
[static.wixstatic.com/media/83c157_4716a60a92d24aeda4c836296cb27e60_mv2.jpg/v1/fill/w_91,h_84,al_c,q_80,usm_0.66_1.00_0.01,blur_2/83c157_4716a60a92d24aeda4c836296cb27e60_mv2.jpg]
[static.wixstatic.com/media/eae2c3_2caf6c940ad24262ae8ee90c6a696854_mv2.jpg/v1/fill/w_60,h_90,al_c,q_80,usm_0.66_1.00_0.01,blur_2/eae2c3_2caf6c940ad24262ae8ee90c6a696854_mv2.jpg]
[static.wixstatic.com/media/69ab2c_3b44d0a33c324e5bbaa8ee54bbc4d83d_mv2.jpg/v1/fill/w_67,h_90,al_c,q_80,usm_0.66_1.00_0.01,blur_2/69ab2c_3b44d0a33c324e5bbaa8ee54bbc4d83d_mv2.jpg]
[static.wixstatic.com/media/69ab2c_fe73fea0100b4c8e85810da7ef9b0e4b_mv2.png/v1/fill/w_67,h_90,al_c,usm_0.66_1.00_0.01,blur_2/69ab2c_fe73fea0100b4c8e85810da7ef9b0e4b_mv2.png]
[static.wixstatic.com/media/83c157_ffdb78efea0e4f38852c7ac2678bc1bf_mv2.jpg/v1/fill/w_91,h_78,al_c,q_80,usm_0.66_1.00_0.01,blur_2/83c157_ffdb78efea0e4f38852c7ac2678bc1bf_mv2.jpg]
[static.wixstatic.com/media/69ab2c_0d1e4c416f7648fba9799bde56cda721_mv2.jpg/v1/fill/w_90,h_90,al_c,q_80,usm_0.66_1.00_0.01,blur_2/69ab2c_0d1e4c416f7648fba9799bde56cda721_mv2.jpg]
[static.wixstatic.com/media/69ab2c_6a6dbb0457814739bc2d3949fc03644b_mv2.jpg/v1/fill/w_79,h_90,al_c,q_80,usm_0.66_1.00_0.01,blur_2/69ab2c_6a6dbb0457814739bc2d3949fc03644b_mv2.jpg]
[static.wixstatic.com/media/69ab2c_12ee5f7110ff4093bb34e0301320a35d_mv2.jpeg/v1/fill/w_91,h_51,al_c,q_80,usm_0.66_1.00_0.01,blur_2/69ab2c_12ee5f7110ff4093bb34e0301320a35d_mv2.jpg]
[static.wixstatic.com/media/69ab2c_7d1544a15d0c4d36bfc3f9697898c6f3_mv2.jpg/v1/fill/w_89,h_90,al_c,q_80,usm_0.66_1.00_0.01,blur_2/69ab2c_7d1544a15d0c4d36bfc3f9697898c6f3_mv2.jpg]
[static.wixstatic.com/media/69ab2c_88f3288c891d479c9d90c56deb77751b_mv2.jpeg/v1/fill/w_91,h_85,al_c,q_80,usm_0.66_1.00_0.01,blur_2/69ab2c_88f3288c891d479c9d90c56deb77751b_mv2.jpg]
[static.wixstatic.com/media/69ab2c_30c5c271e5774a9cba1bdf65042cb48d_mv2.jpg/v1/fill/w_71,h_90,al_c,q_80,usm_0.66_1.00_0.01,blur_2/69ab2c_30c5c271e5774a9cba1bdf65042cb48d_mv2.jpg]
[static.wixstatic.com/media/69ab2c_5f427f8668e841c0b02870de193c2450_mv2.jpeg/v1/fill/w_67,h_90,al_c,q_80,usm_0.66_1.00_0.01,blur_2/69ab2c_5f427f8668e841c0b02870de193c2450_mv2.jpg]
[static.wixstatic.com/media/69ab2c_785e5748c36b4209915ea5e9eff1acbc_mv2.jpg/v1/fill/w_83,h_90,al_c,q_80,usm_0.66_1.00_0.01,blur_2/69ab2c_785e5748c36b4209915ea5e9eff1acbc_mv2.jpg]
[static.wixstatic.com/media/69ab2c_362f730f80f34c20b4acf073cd085f2e_mv2.jpg/v1/fill/w_91,h_68,al_c,q_80,usm_0.66_1.00_0.01,blur_2/69ab2c_362f730f80f34c20b4acf073cd085f2e_mv2.jpg]
[static.wixstatic.com/media/69ab2c_db4e89e5416b42ef8dee28ea078e260f_mv2.jpg/v1/fill/w_90,h_90,al_c,q_80,usm_0.66_1.00_0.01,blur_2/69ab2c_db4e89e5416b42ef8dee28ea078e260f_mv2.jpg]
[static.wixstatic.com/media/83c157_a1da2555792d45788a80e14c038d1bb5_mv2.jpg/v1/fill/w_91,h_83,al_c,q_80,usm_0.66_1.00_0.01,blur_2/83c157_a1da2555792d45788a80e14c038d1bb5_mv2.jpg]
[static.wixstatic.com/media/69ab2c_f5119307c16b458dbced7f44a887ab31_mv2.jpg/v1/fill/w_75,h_90,al_c,q_80,usm_0.66_1.00_0.01,blur_2/69ab2c_f5119307c16b458dbced7f44a887ab31_mv2.jpg]
[static.wixstatic.com/media/69ab2c_80a6471a0a4c42e28c363d55482a358f_mv2.png/v1/fill/w_83,h_90,al_c,usm_0.66_1.00_0.01,blur_2/69ab2c_80a6471a0a4c42e28c363d55482a358f_mv2.png]
[static.wixstatic.com/media/83c157_cc95103273cb4874bc72d529cb9b19bd_mv2.jpg/v1/fill/w_91,h_73,al_c,q_80,usm_0.66_1.00_0.01,blur_2/83c157_cc95103273cb4874bc72d529cb9b19bd_mv2.jpg]
[static.wixstatic.com/media/69ab2c_c98152170b784736856323aae522675f_mv2.jpg/v1/fill/w_84,h_90,al_c,q_80,usm_0.66_1.00_0.01,blur_2/69ab2c_c98152170b784736856323aae522675f_mv2.jpg]
[static.wixstatic.com/media/83c157_79863362d4f3456783718e6030ad6c7b_mv2.jpg/v1/fill/w_91,h_76,al_c,q_80,usm_0.66_1.00_0.01,blur_2/83c157_79863362d4f3456783718e6030ad6c7b_mv2.jpg]
[static.wixstatic.com/media/69ab2c_f7deb6e058794bb4bacc5b00dc474cfa_mv2.jpg/v1/fill/w_90,h_90,al_c,q_80,usm_0.66_1.00_0.01,blur_2/69ab2c_f7deb6e058794bb4bacc5b00dc474cfa_mv2.jpg]
[static.wixstatic.com/media/69ab2c_021a3954f9ab496dbe6aeea5c3211344_mv2.jpeg/v1/fill/w_67,h_90,al_c,q_80,usm_0.66_1.00_0.01,blur_2/69ab2c_021a3954f9ab496dbe6aeea5c3211344_mv2.jpg]
[static.wixstatic.com/media/69ab2c_5bfcee58cd6a4f9bb1ca80cdf7943a99_mv2.jpg/v1/fill/w_91,h_77,al_c,q_80,usm_0.66_1.00_0.01,blur_2/69ab2c_5bfcee58cd6a4f9bb1ca80cdf7943a99_mv2.jpg]
[static.wixstatic.com/media/69ab2c_1c6c3360a2c343d783259ed1aafa7043_mv2.jpeg/v1/fill/w_91,h_89,al_c,q_80,usm_0.66_1.00_0.01,blur_2/69ab2c_1c6c3360a2c343d783259ed1aafa7043_mv2.jpg]
[static.wixstatic.com/media/69ab2c_300c0920db64432a9abd42facc1e1bc5_mv2.jpg/v1/fill/w_91,h_76,al_c,q_80,usm_0.66_1.00_0.01,blur_2/69ab2c_300c0920db64432a9abd42facc1e1bc5_mv2.jpg]
[static.wixstatic.com/media/69ab2c_3ce262851aa54db7b1569e97323abf5d_mv2.jpg/v1/fill/w_91,h_89,al_c,q_80,usm_0.66_1.00_0.01,blur_2/69ab2c_3ce262851aa54db7b1569e97323abf5d_mv2.jpg]
[static.wixstatic.com/media/69ab2c_d80c3a48d1fb4be8a5f2e6d470b7c4ae_mv2.png/v1/fill/w_91,h_64,al_c,usm_0.66_1.00_0.01,blur_2/69ab2c_d80c3a48d1fb4be8a5f2e6d470b7c4ae_mv2.png]
[www.180dcberkeley.com/our-people.html]
[www.180dcberkeley.com/apply.html]
[static.parastorage.com/services/pro-gallery-santa-wrapper/1.1565.0/staticCss.min.css]
[www.180dcberkeley.com/Mallika_edited_edited_edited.html]
[www.180dcberkeley.com/180_indiv-7_edited_edited_edited.html]
[www.180dcberkeley.com/nicole2_edited.html]
[www.180dcberkeley.com/GRID_edited.html]
